File: \AccessibleMarshal.dll
File: \application.ini
File: \blocklist.xml
File: \breakpadinjector.dll
File: \crashreporter.exe
File: \crashreporter.ini
File: \D3DCompiler_43.dll
File: \d3dcompiler_47.dll
File: \dependentlibs.list
File: \freebl3.chk
File: \freebl3.dll
File: \icudt52.dll
File: \icuin52.dll
File: \icuuc52.dll
File: \libEGL.dll
File: \libGLESv2.dll
File: \maintenanceservice.exe
File: \maintenanceservice_installer.exe
File: \MapiProxy.dll
File: \mozalloc.dll
File: \mozglue.dll
File: \mozMapi32.dll
File: \msvcp120.dll
File: \msvcr120.dll
File: \nsldap32v60.dll
File: \nsldappr32v60.dll
File: \nsldif32v60.dll
File: \nss3.dll
File: \nssckbi.dll
File: \nssdbm3.chk
File: \nssdbm3.dll
File: \omni.ja
File: \platform.ini
File: \plugin-container.exe
File: \precomplete
File: \removed-files
File: \sandboxbroker.dll
File: \softokn3.chk
File: \softokn3.dll
File: \thunderbird.exe
File: \update-settings.ini
File: \updater.exe
File: \updater.ini
File: \voucher.bin
File: \WSEnable.exe
File: \xul.dll
File: \uninstall\helper.exe
File: \searchplugins\amazondotcom.xml
File: \searchplugins\aol-web-search.xml
File: \searchplugins\bing.xml
File: \searchplugins\eBay.xml
File: \searchplugins\twitter.xml
File: \searchplugins\wikipedia.xml
File: \searchplugins\yahoo.xml
File: \isp\Bogofilter.sfd
File: \isp\DSPAM.sfd
File: \isp\POPFile.sfd
File: \isp\rss.rdf
File: \isp\SpamAssassin.sfd
File: \isp\SpamPal.sfd
File: \extensions\{972ce4c6-7e08-4474-a285-3208198ce6fd}\icon.png
File: \extensions\{972ce4c6-7e08-4474-a285-3208198ce6fd}\icon64.png
File: \extensions\{972ce4c6-7e08-4474-a285-3208198ce6fd}\install.rdf
File: \distribution\extensions\{e2fda1a4-762b-4020-b5ad-a41df1933103}\application.ini
File: \distribution\extensions\{e2fda1a4-762b-4020-b5ad-a41df1933103}\chrome.jar
File: \distribution\extensions\{e2fda1a4-762b-4020-b5ad-a41df1933103}\chrome.manifest
File: \distribution\extensions\{e2fda1a4-762b-4020-b5ad-a41df1933103}\install.rdf
File: \distribution\extensions\{e2fda1a4-762b-4020-b5ad-a41df1933103}\timezones\zones.json
File: \distribution\extensions\{e2fda1a4-762b-4020-b5ad-a41df1933103}\modules\calAlarmUtils.jsm
File: \distribution\extensions\{e2fda1a4-762b-4020-b5ad-a41df1933103}\modules\calAsyncUtils.jsm
File: \distribution\extensions\{e2fda1a4-762b-4020-b5ad-a41df1933103}\modules\calAuthUtils.jsm
File: \distribution\extensions\{e2fda1a4-762b-4020-b5ad-a41df1933103}\modules\calExtract.jsm
File: \distribution\extensions\{e2fda1a4-762b-4020-b5ad-a41df1933103}\modules\calHashedArray.jsm
File: \distribution\extensions\{e2fda1a4-762b-4020-b5ad-a41df1933103}\modules\calItemUtils.jsm
File: \distribution\extensions\{e2fda1a4-762b-4020-b5ad-a41df1933103}\modules\calIteratorUtils.jsm
File: \distribution\extensions\{e2fda1a4-762b-4020-b5ad-a41df1933103}\modules\calItipUtils.jsm
File: \distribution\extensions\{e2fda1a4-762b-4020-b5ad-a41df1933103}\modules\calPrintUtils.jsm
File: \distribution\extensions\{e2fda1a4-762b-4020-b5ad-a41df1933103}\modules\calProviderUtils.jsm
File: \distribution\extensions\{e2fda1a4-762b-4020-b5ad-a41df1933103}\modules\calRecurrenceUtils.jsm
File: \distribution\extensions\{e2fda1a4-762b-4020-b5ad-a41df1933103}\modules\calStorageHelpers.jsm
File: \distribution\extensions\{e2fda1a4-762b-4020-b5ad-a41df1933103}\modules\calStorageUpgrade.jsm
File: \distribution\extensions\{e2fda1a4-762b-4020-b5ad-a41df1933103}\modules\calUtils.jsm
File: \distribution\extensions\{e2fda1a4-762b-4020-b5ad-a41df1933103}\modules\calViewUtils.jsm
File: \distribution\extensions\{e2fda1a4-762b-4020-b5ad-a41df1933103}\modules\calXMLUtils.jsm
File: \distribution\extensions\{e2fda1a4-762b-4020-b5ad-a41df1933103}\modules\ical.js
File: \distribution\extensions\{e2fda1a4-762b-4020-b5ad-a41df1933103}\defaults\preferences\lightning-l10n.js
File: \distribution\extensions\{e2fda1a4-762b-4020-b5ad-a41df1933103}\defaults\preferences\lightning.js
File: \distribution\extensions\{e2fda1a4-762b-4020-b5ad-a41df1933103}\components\calBackendLoader.js
File: \distribution\extensions\{e2fda1a4-762b-4020-b5ad-a41df1933103}\components\calbasecomps.dll
File: \distribution\extensions\{e2fda1a4-762b-4020-b5ad-a41df1933103}\components\calCompositeCalendar.js
File: \distribution\extensions\{e2fda1a4-762b-4020-b5ad-a41df1933103}\components\calDavCalendar.js
File: \distribution\extensions\{e2fda1a4-762b-4020-b5ad-a41df1933103}\components\calDefaultACLManager.js
File: \distribution\extensions\{e2fda1a4-762b-4020-b5ad-a41df1933103}\components\calICALJSComponents.js
File: \distribution\extensions\{e2fda1a4-762b-4020-b5ad-a41df1933103}\components\calICSCalendar.js
File: \distribution\extensions\{e2fda1a4-762b-4020-b5ad-a41df1933103}\components\calImportExportModule.js
File: \distribution\extensions\{e2fda1a4-762b-4020-b5ad-a41df1933103}\components\calItemModule.js
File: \distribution\extensions\{e2fda1a4-762b-4020-b5ad-a41df1933103}\components\calItipEmailTransport.js
File: \distribution\extensions\{e2fda1a4-762b-4020-b5ad-a41df1933103}\components\calItipProtocolHandler.js
File: \distribution\extensions\{e2fda1a4-762b-4020-b5ad-a41df1933103}\components\calMemoryCalendar.js
File: \distribution\extensions\{e2fda1a4-762b-4020-b5ad-a41df1933103}\components\calSleepMonitor.js
File: \distribution\extensions\{e2fda1a4-762b-4020-b5ad-a41df1933103}\components\calStorageCalendar.js
File: \distribution\extensions\{e2fda1a4-762b-4020-b5ad-a41df1933103}\components\calTimezoneService.js
File: \distribution\extensions\{e2fda1a4-762b-4020-b5ad-a41df1933103}\components\calWcapCalendarModule.js
File: \distribution\extensions\{e2fda1a4-762b-4020-b5ad-a41df1933103}\components\components.manifest
File: \distribution\extensions\{e2fda1a4-762b-4020-b5ad-a41df1933103}\components\icaljs-manifest
File: \distribution\extensions\{e2fda1a4-762b-4020-b5ad-a41df1933103}\components\interfaces.xpt
File: \distribution\extensions\{e2fda1a4-762b-4020-b5ad-a41df1933103}\components\libical-manifest
File: \distribution\extensions\{e2fda1a4-762b-4020-b5ad-a41df1933103}\components\lightningTextCalendarConverter.js
File: \distribution\extensions\{e2fda1a4-762b-4020-b5ad-a41df1933103}\calendar-js\calAlarm.js
File: \distribution\extensions\{e2fda1a4-762b-4020-b5ad-a41df1933103}\calendar-js\calAlarmMonitor.js
File: \distribution\extensions\{e2fda1a4-762b-4020-b5ad-a41df1933103}\calendar-js\calAlarmService.js
File: \distribution\extensions\{e2fda1a4-762b-4020-b5ad-a41df1933103}\calendar-js\calAttachment.js
File: \distribution\extensions\{e2fda1a4-762b-4020-b5ad-a41df1933103}\calendar-js\calAttendee.js
File: \distribution\extensions\{e2fda1a4-762b-4020-b5ad-a41df1933103}\calendar-js\calCachedCalendar.js
File: \distribution\extensions\{e2fda1a4-762b-4020-b5ad-a41df1933103}\calendar-js\calCalendarManager.js
File: \distribution\extensions\{e2fda1a4-762b-4020-b5ad-a41df1933103}\calendar-js\calCalendarSearchService.js
File: \distribution\extensions\{e2fda1a4-762b-4020-b5ad-a41df1933103}\calendar-js\calDateTime.js
File: \distribution\extensions\{e2fda1a4-762b-4020-b5ad-a41df1933103}\calendar-js\calDateTimeFormatter.js
File: \distribution\extensions\{e2fda1a4-762b-4020-b5ad-a41df1933103}\calendar-js\calDavRequestHandlers.js
File: \distribution\extensions\{e2fda1a4-762b-4020-b5ad-a41df1933103}\calendar-js\calDeletedItems.js
File: \distribution\extensions\{e2fda1a4-762b-4020-b5ad-a41df1933103}\calendar-js\calDuration.js
File: \distribution\extensions\{e2fda1a4-762b-4020-b5ad-a41df1933103}\calendar-js\calEvent.js
File: \distribution\extensions\{e2fda1a4-762b-4020-b5ad-a41df1933103}\calendar-js\calFilter.js
File: \distribution\extensions\{e2fda1a4-762b-4020-b5ad-a41df1933103}\calendar-js\calFreeBusyService.js
File: \distribution\extensions\{e2fda1a4-762b-4020-b5ad-a41df1933103}\calendar-js\calHtmlExport.js
File: \distribution\extensions\{e2fda1a4-762b-4020-b5ad-a41df1933103}\calendar-js\calIcsImportExport.js
File: \distribution\extensions\{e2fda1a4-762b-4020-b5ad-a41df1933103}\calendar-js\calIcsParser.js
File: \distribution\extensions\{e2fda1a4-762b-4020-b5ad-a41df1933103}\calendar-js\calIcsSerializer.js
File: \distribution\extensions\{e2fda1a4-762b-4020-b5ad-a41df1933103}\calendar-js\calICSService-worker.js
File: \distribution\extensions\{e2fda1a4-762b-4020-b5ad-a41df1933103}\calendar-js\calICSService.js
File: \distribution\extensions\{e2fda1a4-762b-4020-b5ad-a41df1933103}\calendar-js\calItemBase.js
File: \distribution\extensions\{e2fda1a4-762b-4020-b5ad-a41df1933103}\calendar-js\calItipItem.js
File: \distribution\extensions\{e2fda1a4-762b-4020-b5ad-a41df1933103}\calendar-js\calListFormatter.js
File: \distribution\extensions\{e2fda1a4-762b-4020-b5ad-a41df1933103}\calendar-js\calMonthGridPrinter.js
File: \distribution\extensions\{e2fda1a4-762b-4020-b5ad-a41df1933103}\calendar-js\calOutlookCSVImportExport.js
File: \distribution\extensions\{e2fda1a4-762b-4020-b5ad-a41df1933103}\calendar-js\calPeriod.js
File: \distribution\extensions\{e2fda1a4-762b-4020-b5ad-a41df1933103}\calendar-js\calProtocolHandler.js
File: \distribution\extensions\{e2fda1a4-762b-4020-b5ad-a41df1933103}\calendar-js\calRecurrenceDate.js
File: \distribution\extensions\{e2fda1a4-762b-4020-b5ad-a41df1933103}\calendar-js\calRecurrenceInfo.js
File: \distribution\extensions\{e2fda1a4-762b-4020-b5ad-a41df1933103}\calendar-js\calRecurrenceRule.js
File: \distribution\extensions\{e2fda1a4-762b-4020-b5ad-a41df1933103}\calendar-js\calRelation.js
File: \distribution\extensions\{e2fda1a4-762b-4020-b5ad-a41df1933103}\calendar-js\calStartupService.js
File: \distribution\extensions\{e2fda1a4-762b-4020-b5ad-a41df1933103}\calendar-js\calTimezone.js
File: \distribution\extensions\{e2fda1a4-762b-4020-b5ad-a41df1933103}\calendar-js\calTodo.js
File: \distribution\extensions\{e2fda1a4-762b-4020-b5ad-a41df1933103}\calendar-js\calTransactionManager.js
File: \distribution\extensions\{e2fda1a4-762b-4020-b5ad-a41df1933103}\calendar-js\calUtils.js
File: \distribution\extensions\{e2fda1a4-762b-4020-b5ad-a41df1933103}\calendar-js\calWcapCalendar.js
File: \distribution\extensions\{e2fda1a4-762b-4020-b5ad-a41df1933103}\calendar-js\calWcapCalendarItems.js
File: \distribution\extensions\{e2fda1a4-762b-4020-b5ad-a41df1933103}\calendar-js\calWcapErrors.js
File: \distribution\extensions\{e2fda1a4-762b-4020-b5ad-a41df1933103}\calendar-js\calWcapRequest.js
File: \distribution\extensions\{e2fda1a4-762b-4020-b5ad-a41df1933103}\calendar-js\calWcapSession.js
File: \distribution\extensions\{e2fda1a4-762b-4020-b5ad-a41df1933103}\calendar-js\calWcapUtils.js
File: \distribution\extensions\{e2fda1a4-762b-4020-b5ad-a41df1933103}\calendar-js\calWeekInfoService.js
File: \distribution\extensions\{e2fda1a4-762b-4020-b5ad-a41df1933103}\calendar-js\calWeekPrinter.js
File: \defaults\pref\channel-prefs.js
File: \defaults\messenger\mailViews.dat
File: \chrome\icons\default\abcardWindow.ico
File: \chrome\icons\default\addressbookWindow.ico
File: \chrome\icons\default\messengerWindow.ico
File: \chrome\icons\default\msgcomposeWindow.ico
File: \MapiProxy_InUse.dll
File: \mozMapi32_InUse.dll
DLLReg: \AccessibleMarshal.dll
File: \components\compreg.dat
File: \components\xpti.dat
File: \active-update.xml
File: \install.log
File: \install_status.log
File: \install_wizard.log
File: \updates.xml
DLLReg: \MapiProxy_InUse.dll
DLLReg: \MapiProxy_InUse.dll
